Running Sphinx v2.2.0
loading translations [en]... done
loading pickled environment... done
building [mo]: targets for 0 po files that are out of date
building [html]: targets for 1 source files that are out of date
updating environment: [config changed ('numpydoc_xref_aliases')] 2 added, 0 changed, 0 removed
reading sources... [ 50%] index
reading sources... [100%] levmar

looking for now-outdated files... none found
pickling environment... done
checking consistency... done
preparing documents... done
writing output... [ 50%] index
writing output... [100%] levmar

generating indices...  genindex py-modindexdone
highlighting module code... [100%] levmar

writing additional pages...  searchdone
copying static files... ... done
copying extra files... done
dumping search index in English (code: en)... done
dumping object inventory... done
build succeeded, 17 warnings.

The HTML pages are in _build/html.
